<?xml version="1.0" encoding="UTF-8"?>
<testsuite name="com.dmitry.NewsClient.service.AuthServiceImplTest" tests="1" skipped="0" failures="0" errors="0" timestamp="2022-11-15T12:49:40" hostname="dunice-desktop" time="0.065">
  <properties/>
  <testcase name="testRegisterUser()" classname="com.dmitry.NewsClient.service.AuthServiceImplTest" time="0.065"/>
  <system-out><![CDATA[15:49:39.658 [Test worker] DEBUG org.springframework.test.context.BootstrapUtils - Instantiating CacheAwareContextLoaderDelegate from class [org.springframework.test.context.cache.DefaultCacheAwareContextLoaderDelegate]
15:49:39.671 [Test worker] DEBUG org.springframework.test.context.BootstrapUtils - Instantiating BootstrapContext using constructor [public org.springframework.test.context.support.DefaultBootstrapContext(java.lang.Class,org.springframework.test.context.CacheAwareContextLoaderDelegate)]
15:49:39.724 [Test worker] DEBUG org.springframework.test.context.BootstrapUtils - Instantiating TestContextBootstrapper for test class [com.dmitry.NewsClient.service.AuthServiceImplTest] from class [org.springframework.test.context.support.DefaultTestContextBootstrapper]
15:49:39.750 [Test worker] DEBUG org.springframework.test.context.support.AbstractDelegatingSmartContextLoader - Delegating to AnnotationConfigContextLoader to process context configuration [ContextConfigurationAttributes@5b6ec132 declaringClass = 'com.dmitry.NewsClient.service.AuthServiceImplTest', classes = '{class com.dmitry.NewsClient.service.AuthServiceImpl}', locations = '{}', inheritLocations = true, initializers = '{}', inheritInitializers = true, name = [null], contextLoaderClass = 'org.springframework.test.context.ContextLoader'].
15:49:39.834 [Test worker] DEBUG org.springframework.test.context.support.ActiveProfilesUtils - Could not find an 'annotation declaring class' for annotation type [org.springframework.test.context.ActiveProfiles] and class [com.dmitry.NewsClient.service.AuthServiceImplTest]
15:49:39.835 [Test worker] DEBUG org.springframework.test.context.support.DefaultTestContextBootstrapper - @TestExecutionListeners is not present for class [com.dmitry.NewsClient.service.AuthServiceImplTest]: using defaults.
15:49:39.838 [Test worker] INFO org.springframework.test.context.support.DefaultTestContextBootstrapper - Loaded default TestExecutionListener class names from location [META-INF/spring.factories]: [org.springframework.boot.test.autoconfigure.restdocs.RestDocsTestExecutionListener, org.springframework.boot.test.autoconfigure.web.client.MockRestServiceServerResetTestExecutionListener, org.springframework.boot.test.autoconfigure.web.servlet.MockMvcPrintOnlyOnFailureTestExecutionListener, org.springframework.boot.test.autoconfigure.web.servlet.WebDriverTestExecutionListener, org.springframework.boot.test.autoconfigure.webservices.client.MockWebServiceServerTestExecutionListener, org.springframework.boot.test.mock.mockito.MockitoTestExecutionListener, org.springframework.boot.test.mock.mockito.ResetMocksTestExecutionListener, org.springframework.test.context.web.ServletTestExecutionListener, org.springframework.test.context.support.DirtiesContextBeforeModesTestExecutionListener, org.springframework.test.context.event.ApplicationEventsTestExecutionListener, org.springframework.test.context.support.DependencyInjectionTestExecutionListener, org.springframework.test.context.support.DirtiesContextTestExecutionListener, org.springframework.test.context.transaction.TransactionalTestExecutionListener, org.springframework.test.context.jdbc.SqlScriptsTestExecutionListener, org.springframework.test.context.event.EventPublishingTestExecutionListener]
15:49:39.860 [Test worker] INFO org.springframework.test.context.support.DefaultTestContextBootstrapper - Using TestExecutionListeners: [org.springframework.test.context.web.ServletTestExecutionListener@222eb8aa, org.springframework.test.context.support.DirtiesContextBeforeModesTestExecutionListener@93cf163, org.springframework.test.context.event.ApplicationEventsTestExecutionListener@1852a3ff, org.springframework.boot.test.mock.mockito.MockitoTestExecutionListener@7203c7ff, org.springframework.test.context.support.DependencyInjectionTestExecutionListener@25bfcafd, org.springframework.test.context.support.DirtiesContextTestExecutionListener@4b6690c0, org.springframework.test.context.transaction.TransactionalTestExecutionListener@46268f08, org.springframework.test.context.jdbc.SqlScriptsTestExecutionListener@2a76840c, org.springframework.test.context.event.EventPublishingTestExecutionListener@71454b9d, org.springframework.boot.test.autoconfigure.restdocs.RestDocsTestExecutionListener@eda25e5, org.springframework.boot.test.autoconfigure.web.client.MockRestServiceServerResetTestExecutionListener@7cf6a5f9, org.springframework.boot.test.autoconfigure.web.servlet.MockMvcPrintOnlyOnFailureTestExecutionListener@623e088f, org.springframework.boot.test.autoconfigure.web.servlet.WebDriverTestExecutionListener@39fcbef6, org.springframework.boot.test.autoconfigure.webservices.client.MockWebServiceServerTestExecutionListener@66565121, org.springframework.boot.test.mock.mockito.ResetMocksTestExecutionListener@2fc6f97f]
15:49:39.862 [Test worker] DEBUG org.springframework.test.context.support.AbstractDirtiesContextTestExecutionListener - Before test class: context [DefaultTestContext@79351f41 testClass = AuthServiceImplTest, testInstance = [null], testMethod = [null], testException = [null], mergedContextConfiguration = [MergedContextConfiguration@1c32386d testClass = AuthServiceImplTest, locations = '{}', classes = '{class com.dmitry.NewsClient.service.AuthServiceImpl}', contextInitializerClasses = '[]', activeProfiles = '{}', propertySourceLocations = '{}', propertySourceProperties = '{}', contextCustomizers = set[org.springframework.boot.test.autoconfigure.actuate.metrics.MetricsExportContextCustomizerFactory$DisableMetricExportContextCustomizer@466276d8, org.springframework.boot.test.autoconfigure.properties.PropertyMappingContextCustomizer@0, org.springframework.boot.test.autoconfigure.web.servlet.WebDriverContextCustomizerFactory$Customizer@b7c4869, org.springframework.boot.test.context.filter.ExcludeFilterContextCustomizer@676cf48, org.springframework.boot.test.json.DuplicateJsonObjectContextCustomizerFactory$DuplicateJsonObjectContextCustomizer@73194df, org.springframework.boot.test.mock.mockito.MockitoContextCustomizer@725c31c0], contextLoader = 'org.springframework.test.context.support.DelegatingSmartContextLoader', parent = [null]], attributes = map[[empty]]], class annotated with @DirtiesContext [false] with mode [null].
15:49:39.883 [Test worker] DEBUG org.springframework.test.context.support.AbstractDelegatingSmartContextLoader - Delegating to AnnotationConfigContextLoader to load context from [MergedContextConfiguration@1c32386d testClass = AuthServiceImplTest, locations = '{}', classes = '{class com.dmitry.NewsClient.service.AuthServiceImpl}', contextInitializerClasses = '[]', activeProfiles = '{}', propertySourceLocations = '{}', propertySourceProperties = '{}', contextCustomizers = set[org.springframework.boot.test.autoconfigure.actuate.metrics.MetricsExportContextCustomizerFactory$DisableMetricExportContextCustomizer@466276d8, org.springframework.boot.test.autoconfigure.properties.PropertyMappingContextCustomizer@0, org.springframework.boot.test.autoconfigure.web.servlet.WebDriverContextCustomizerFactory$Customizer@b7c4869, org.springframework.boot.test.context.filter.ExcludeFilterContextCustomizer@676cf48, org.springframework.boot.test.json.DuplicateJsonObjectContextCustomizerFactory$DuplicateJsonObjectContextCustomizer@73194df, org.springframework.boot.test.mock.mockito.MockitoContextCustomizer@725c31c0], contextLoader = 'org.springframework.test.context.support.DelegatingSmartContextLoader', parent = [null]].
15:49:39.883 [Test worker] DEBUG org.springframework.test.context.support.AbstractGenericContextLoader - Loading ApplicationContext for merged context configuration [[MergedContextConfiguration@1c32386d testClass = AuthServiceImplTest, locations = '{}', classes = '{class com.dmitry.NewsClient.service.AuthServiceImpl}', contextInitializerClasses = '[]', activeProfiles = '{}', propertySourceLocations = '{}', propertySourceProperties = '{}', contextCustomizers = set[org.springframework.boot.test.autoconfigure.actuate.metrics.MetricsExportContextCustomizerFactory$DisableMetricExportContextCustomizer@466276d8, org.springframework.boot.test.autoconfigure.properties.PropertyMappingContextCustomizer@0, org.springframework.boot.test.autoconfigure.web.servlet.WebDriverContextCustomizerFactory$Customizer@b7c4869, org.springframework.boot.test.context.filter.ExcludeFilterContextCustomizer@676cf48, org.springframework.boot.test.json.DuplicateJsonObjectContextCustomizerFactory$DuplicateJsonObjectContextCustomizer@73194df, org.springframework.boot.test.mock.mockito.MockitoContextCustomizer@725c31c0], contextLoader = 'org.springframework.test.context.support.DelegatingSmartContextLoader', parent = [null]]].
15:49:39.929 [Test worker] DEBUG org.springframework.core.env.StandardEnvironment - Activating profiles []
15:49:39.929 [Test worker] DEBUG org.springframework.test.context.support.AnnotationConfigContextLoader - Registering component classes: {class com.dmitry.NewsClient.service.AuthServiceImpl}
15:49:39.983 [Test worker] DEBUG org.springframework.context.support.GenericApplicationContext - Refreshing org.springframework.context.support.GenericApplicationContext@72c28d64
15:49:39.997 [Test worker] DEBUG org.springframework.beans.factory.support.DefaultListableBeanFactory - Creating shared instance of singleton bean 'org.springframework.context.annotation.internalConfigurationAnnotationProcessor'
15:49:40.035 [Test worker] DEBUG org.springframework.beans.factory.support.DefaultListableBeanFactory - Creating shared instance of singleton bean 'org.springframework.boot.test.mock.mockito.MockitoPostProcessor'
15:49:40.811 [Test worker] DEBUG org.springframework.beans.factory.support.DefaultListableBeanFactory - Creating shared instance of singleton bean 'org.springframework.context.event.internalEventListenerProcessor'
15:49:40.813 [Test worker] DEBUG org.springframework.beans.factory.support.DefaultListableBeanFactory - Creating shared instance of singleton bean 'org.springframework.context.event.internalEventListenerFactory'
15:49:40.816 [Test worker] DEBUG org.springframework.beans.factory.support.DefaultListableBeanFactory - Creating shared instance of singleton bean 'org.springframework.context.annotation.internalAutowiredAnnotationProcessor'
15:49:40.828 [Test worker] DEBUG org.springframework.beans.factory.support.DefaultListableBeanFactory - Creating shared instance of singleton bean 'org.springframework.context.annotation.internalCommonAnnotationProcessor'
15:49:40.833 [Test worker] DEBUG org.springframework.beans.factory.support.DefaultListableBeanFactory - Creating shared instance of singleton bean 'org.springframework.context.annotation.internalPersistenceAnnotationProcessor'
15:49:40.834 [Test worker] DEBUG org.springframework.beans.factory.support.DefaultListableBeanFactory - Creating shared instance of singleton bean 'org.springframework.boot.test.mock.mockito.MockitoPostProcessor$SpyPostProcessor'
15:49:40.851 [Test worker] DEBUG org.springframework.beans.factory.support.DefaultListableBeanFactory - Creating shared instance of singleton bean 'authServiceImpl'
15:49:40.857 [Test worker] DEBUG org.springframework.beans.factory.support.DefaultListableBeanFactory - Autowiring by type from bean name 'authServiceImpl' via constructor to bean named 'com.dmitry.NewsClient.repository.RepositoryUser#0'
15:49:40.857 [Test worker] DEBUG org.springframework.beans.factory.support.DefaultListableBeanFactory - Autowiring by type from bean name 'authServiceImpl' via constructor to bean named 'org.springframework.security.crypto.password.PasswordEncoder#0'
15:49:40.857 [Test worker] DEBUG org.springframework.beans.factory.support.DefaultListableBeanFactory - Autowiring by type from bean name 'authServiceImpl' via constructor to bean named 'com.dmitry.NewsClient.repository.MongoRep#0'
15:49:40.857 [Test worker] DEBUG org.springframework.beans.factory.support.DefaultListableBeanFactory - Autowiring by type from bean name 'authServiceImpl' via constructor to bean named 'com.dmitry.NewsClient.mapstruct.LoginUserDtoMapper#0'
15:49:40.908 [Test worker] DEBUG org.springframework.test.context.cache.DefaultCacheAwareContextLoaderDelegate - Storing ApplicationContext [1925352804] in cache under key [[MergedContextConfiguration@1c32386d testClass = AuthServiceImplTest, locations = '{}', classes = '{class com.dmitry.NewsClient.service.AuthServiceImpl}', contextInitializerClasses = '[]', activeProfiles = '{}', propertySourceLocations = '{}', propertySourceProperties = '{}', contextCustomizers = set[org.springframework.boot.test.autoconfigure.actuate.metrics.MetricsExportContextCustomizerFactory$DisableMetricExportContextCustomizer@466276d8, org.springframework.boot.test.autoconfigure.properties.PropertyMappingContextCustomizer@0, org.springframework.boot.test.autoconfigure.web.servlet.WebDriverContextCustomizerFactory$Customizer@b7c4869, org.springframework.boot.test.context.filter.ExcludeFilterContextCustomizer@676cf48, org.springframework.boot.test.json.DuplicateJsonObjectContextCustomizerFactory$DuplicateJsonObjectContextCustomizer@73194df, org.springframework.boot.test.mock.mockito.MockitoContextCustomizer@725c31c0], contextLoader = 'org.springframework.test.context.support.DelegatingSmartContextLoader', parent = [null]]]
15:49:40.909 [Test worker] DEBUG org.springframework.test.context.cache - Spring test ApplicationContext cache statistics: [DefaultContextCache@710d89e2 size = 1, maxSize = 32, parentContextCount = 0, hitCount = 0, missCount = 1]
15:49:40.912 [Test worker] DEBUG org.springframework.test.context.support.DependencyInjectionTestExecutionListener - Performing dependency injection for test context [[DefaultTestContext@79351f41 testClass = AuthServiceImplTest, testInstance = com.dmitry.NewsClient.service.AuthServiceImplTest@57402ba1, testMethod = [null], testException = [null], mergedContextConfiguration = [MergedContextConfiguration@1c32386d testClass = AuthServiceImplTest, locations = '{}', classes = '{class com.dmitry.NewsClient.service.AuthServiceImpl}', contextInitializerClasses = '[]', activeProfiles = '{}', propertySourceLocations = '{}', propertySourceProperties = '{}', contextCustomizers = set[org.springframework.boot.test.autoconfigure.actuate.metrics.MetricsExportContextCustomizerFactory$DisableMetricExportContextCustomizer@466276d8, org.springframework.boot.test.autoconfigure.properties.PropertyMappingContextCustomizer@0, org.springframework.boot.test.autoconfigure.web.servlet.WebDriverContextCustomizerFactory$Customizer@b7c4869, org.springframework.boot.test.context.filter.ExcludeFilterContextCustomizer@676cf48, org.springframework.boot.test.json.DuplicateJsonObjectContextCustomizerFactory$DuplicateJsonObjectContextCustomizer@73194df, org.springframework.boot.test.mock.mockito.MockitoContextCustomizer@725c31c0], contextLoader = 'org.springframework.test.context.support.DelegatingSmartContextLoader', parent = [null]], attributes = map['org.springframework.test.context.event.ApplicationEventsTestExecutionListener.recordApplicationEvents' -> false]]].
15:49:40.913 [Test worker] DEBUG org.springframework.test.context.cache.DefaultCacheAwareContextLoaderDelegate - Retrieved ApplicationContext [1925352804] from cache with key [[MergedContextConfiguration@1c32386d testClass = AuthServiceImplTest, locations = '{}', classes = '{class com.dmitry.NewsClient.service.AuthServiceImpl}', contextInitializerClasses = '[]', activeProfiles = '{}', propertySourceLocations = '{}', propertySourceProperties = '{}', contextCustomizers = set[org.springframework.boot.test.autoconfigure.actuate.metrics.MetricsExportContextCustomizerFactory$DisableMetricExportContextCustomizer@466276d8, org.springframework.boot.test.autoconfigure.properties.PropertyMappingContextCustomizer@0, org.springframework.boot.test.autoconfigure.web.servlet.WebDriverContextCustomizerFactory$Customizer@b7c4869, org.springframework.boot.test.context.filter.ExcludeFilterContextCustomizer@676cf48, org.springframework.boot.test.json.DuplicateJsonObjectContextCustomizerFactory$DuplicateJsonObjectContextCustomizer@73194df, org.springframework.boot.test.mock.mockito.MockitoContextCustomizer@725c31c0], contextLoader = 'org.springframework.test.context.support.DelegatingSmartContextLoader', parent = [null]]]
15:49:40.913 [Test worker] DEBUG org.springframework.test.context.cache - Spring test ApplicationContext cache statistics: [DefaultContextCache@710d89e2 size = 1, maxSize = 32, parentContextCount = 0, hitCount = 1, missCount = 1]
15:49:40.924 [Test worker] DEBUG org.springframework.test.context.cache.DefaultCacheAwareContextLoaderDelegate - Retrieved ApplicationContext [1925352804] from cache with key [[MergedContextConfiguration@1c32386d testClass = AuthServiceImplTest, locations = '{}', classes = '{class com.dmitry.NewsClient.service.AuthServiceImpl}', contextInitializerClasses = '[]', activeProfiles = '{}', propertySourceLocations = '{}', propertySourceProperties = '{}', contextCustomizers = set[org.springframework.boot.test.autoconfigure.actuate.metrics.MetricsExportContextCustomizerFactory$DisableMetricExportContextCustomizer@466276d8, org.springframework.boot.test.autoconfigure.properties.PropertyMappingContextCustomizer@0, org.springframework.boot.test.autoconfigure.web.servlet.WebDriverContextCustomizerFactory$Customizer@b7c4869, org.springframework.boot.test.context.filter.ExcludeFilterContextCustomizer@676cf48, org.springframework.boot.test.json.DuplicateJsonObjectContextCustomizerFactory$DuplicateJsonObjectContextCustomizer@73194df, org.springframework.boot.test.mock.mockito.MockitoContextCustomizer@725c31c0], contextLoader = 'org.springframework.test.context.support.DelegatingSmartContextLoader', parent = [null]]]
15:49:40.924 [Test worker] DEBUG org.springframework.test.context.cache - Spring test ApplicationContext cache statistics: [DefaultContextCache@710d89e2 size = 1, maxSize = 32, parentContextCount = 0, hitCount = 2, missCount = 1]
15:49:40.933 [Test worker] DEBUG org.springframework.test.context.support.AbstractDirtiesContextTestExecutionListener - Before test method: context [DefaultTestContext@79351f41 testClass = AuthServiceImplTest, testInstance = com.dmitry.NewsClient.service.AuthServiceImplTest@57402ba1, testMethod = testRegisterUser@AuthServiceImplTest, testException = [null], mergedContextConfiguration = [MergedContextConfiguration@1c32386d testClass = AuthServiceImplTest, locations = '{}', classes = '{class com.dmitry.NewsClient.service.AuthServiceImpl}', contextInitializerClasses = '[]', activeProfiles = '{}', propertySourceLocations = '{}', propertySourceProperties = '{}', contextCustomizers = set[org.springframework.boot.test.autoconfigure.actuate.metrics.MetricsExportContextCustomizerFactory$DisableMetricExportContextCustomizer@466276d8, org.springframework.boot.test.autoconfigure.properties.PropertyMappingContextCustomizer@0, org.springframework.boot.test.autoconfigure.web.servlet.WebDriverContextCustomizerFactory$Customizer@b7c4869, org.springframework.boot.test.context.filter.ExcludeFilterContextCustomizer@676cf48, org.springframework.boot.test.json.DuplicateJsonObjectContextCustomizerFactory$DuplicateJsonObjectContextCustomizer@73194df, org.springframework.boot.test.mock.mockito.MockitoContextCustomizer@725c31c0], contextLoader = 'org.springframework.test.context.support.DelegatingSmartContextLoader', parent = [null]], attributes = map['org.springframework.test.context.event.ApplicationEventsTestExecutionListener.recordApplicationEvents' -> false]], class annotated with @DirtiesContext [false] with mode [null], method annotated with @DirtiesContext [false] with mode [null].
15:49:40.944 [Test worker] DEBUG org.springframework.test.context.cache.DefaultCacheAwareContextLoaderDelegate - Retrieved ApplicationContext [1925352804] from cache with key [[MergedContextConfiguration@1c32386d testClass = AuthServiceImplTest, locations = '{}', classes = '{class com.dmitry.NewsClient.service.AuthServiceImpl}', contextInitializerClasses = '[]', activeProfiles = '{}', propertySourceLocations = '{}', propertySourceProperties = '{}', contextCustomizers = set[org.springframework.boot.test.autoconfigure.actuate.metrics.MetricsExportContextCustomizerFactory$DisableMetricExportContextCustomizer@466276d8, org.springframework.boot.test.autoconfigure.properties.PropertyMappingContextCustomizer@0, org.springframework.boot.test.autoconfigure.web.servlet.WebDriverContextCustomizerFactory$Customizer@b7c4869, org.springframework.boot.test.context.filter.ExcludeFilterContextCustomizer@676cf48, org.springframework.boot.test.json.DuplicateJsonObjectContextCustomizerFactory$DuplicateJsonObjectContextCustomizer@73194df, org.springframework.boot.test.mock.mockito.MockitoContextCustomizer@725c31c0], contextLoader = 'org.springframework.test.context.support.DelegatingSmartContextLoader', parent = [null]]]
15:49:40.945 [Test worker] DEBUG org.springframework.test.context.cache - Spring test ApplicationContext cache statistics: [DefaultContextCache@710d89e2 size = 1, maxSize = 32, parentContextCount = 0, hitCount = 3, missCount = 1]
15:49:40.945 [Test worker] DEBUG org.springframework.test.context.cache.DefaultCacheAwareContextLoaderDelegate - Retrieved ApplicationContext [1925352804] from cache with key [[MergedContextConfiguration@1c32386d testClass = AuthServiceImplTest, locations = '{}', classes = '{class com.dmitry.NewsClient.service.AuthServiceImpl}', contextInitializerClasses = '[]', activeProfiles = '{}', propertySourceLocations = '{}', propertySourceProperties = '{}', contextCustomizers = set[org.springframework.boot.test.autoconfigure.actuate.metrics.MetricsExportContextCustomizerFactory$DisableMetricExportContextCustomizer@466276d8, org.springframework.boot.test.autoconfigure.properties.PropertyMappingContextCustomizer@0, org.springframework.boot.test.autoconfigure.web.servlet.WebDriverContextCustomizerFactory$Customizer@b7c4869, org.springframework.boot.test.context.filter.ExcludeFilterContextCustomizer@676cf48, org.springframework.boot.test.json.DuplicateJsonObjectContextCustomizerFactory$DuplicateJsonObjectContextCustomizer@73194df, org.springframework.boot.test.mock.mockito.MockitoContextCustomizer@725c31c0], contextLoader = 'org.springframework.test.context.support.DelegatingSmartContextLoader', parent = [null]]]
15:49:40.945 [Test worker] DEBUG org.springframework.test.context.cache - Spring test ApplicationContext cache statistics: [DefaultContextCache@710d89e2 size = 1, maxSize = 32, parentContextCount = 0, hitCount = 4, missCount = 1]
15:49:40.948 [Test worker] DEBUG org.springframework.test.context.cache.DefaultCacheAwareContextLoaderDelegate - Retrieved ApplicationContext [1925352804] from cache with key [[MergedContextConfiguration@1c32386d testClass = AuthServiceImplTest, locations = '{}', classes = '{class com.dmitry.NewsClient.service.AuthServiceImpl}', contextInitializerClasses = '[]', activeProfiles = '{}', propertySourceLocations = '{}', propertySourceProperties = '{}', contextCustomizers = set[org.springframework.boot.test.autoconfigure.actuate.metrics.MetricsExportContextCustomizerFactory$DisableMetricExportContextCustomizer@466276d8, org.springframework.boot.test.autoconfigure.properties.PropertyMappingContextCustomizer@0, org.springframework.boot.test.autoconfigure.web.servlet.WebDriverContextCustomizerFactory$Customizer@b7c4869, org.springframework.boot.test.context.filter.ExcludeFilterContextCustomizer@676cf48, org.springframework.boot.test.json.DuplicateJsonObjectContextCustomizerFactory$DuplicateJsonObjectContextCustomizer@73194df, org.springframework.boot.test.mock.mockito.MockitoContextCustomizer@725c31c0], contextLoader = 'org.springframework.test.context.support.DelegatingSmartContextLoader', parent = [null]]]
15:49:40.948 [Test worker] DEBUG org.springframework.test.context.cache - Spring test ApplicationContext cache statistics: [DefaultContextCache@710d89e2 size = 1, maxSize = 32, parentContextCount = 0, hitCount = 5, missCount = 1]
15:49:40.977 [Test worker] DEBUG org.springframework.test.context.cache.DefaultCacheAwareContextLoaderDelegate - Retrieved ApplicationContext [1925352804] from cache with key [[MergedContextConfiguration@1c32386d testClass = AuthServiceImplTest, locations = '{}', classes = '{class com.dmitry.NewsClient.service.AuthServiceImpl}', contextInitializerClasses = '[]', activeProfiles = '{}', propertySourceLocations = '{}', propertySourceProperties = '{}', contextCustomizers = set[org.springframework.boot.test.autoconfigure.actuate.metrics.MetricsExportContextCustomizerFactory$DisableMetricExportContextCustomizer@466276d8, org.springframework.boot.test.autoconfigure.properties.PropertyMappingContextCustomizer@0, org.springframework.boot.test.autoconfigure.web.servlet.WebDriverContextCustomizerFactory$Customizer@b7c4869, org.springframework.boot.test.context.filter.ExcludeFilterContextCustomizer@676cf48, org.springframework.boot.test.json.DuplicateJsonObjectContextCustomizerFactory$DuplicateJsonObjectContextCustomizer@73194df, org.springframework.boot.test.mock.mockito.MockitoContextCustomizer@725c31c0], contextLoader = 'org.springframework.test.context.support.DelegatingSmartContextLoader', parent = [null]]]
15:49:40.978 [Test worker] DEBUG org.springframework.test.context.cache - Spring test ApplicationContext cache statistics: [DefaultContextCache@710d89e2 size = 1, maxSize = 32, parentContextCount = 0, hitCount = 6, missCount = 1]
15:49:40.979 [Test worker] DEBUG org.springframework.test.context.cache.DefaultCacheAwareContextLoaderDelegate - Retrieved ApplicationContext [1925352804] from cache with key [[MergedContextConfiguration@1c32386d testClass = AuthServiceImplTest, locations = '{}', classes = '{class com.dmitry.NewsClient.service.AuthServiceImpl}', contextInitializerClasses = '[]', activeProfiles = '{}', propertySourceLocations = '{}', propertySourceProperties = '{}', contextCustomizers = set[org.springframework.boot.test.autoconfigure.actuate.metrics.MetricsExportContextCustomizerFactory$DisableMetricExportContextCustomizer@466276d8, org.springframework.boot.test.autoconfigure.properties.PropertyMappingContextCustomizer@0, org.springframework.boot.test.autoconfigure.web.servlet.WebDriverContextCustomizerFactory$Customizer@b7c4869, org.springframework.boot.test.context.filter.ExcludeFilterContextCustomizer@676cf48, org.springframework.boot.test.json.DuplicateJsonObjectContextCustomizerFactory$DuplicateJsonObjectContextCustomizer@73194df, org.springframework.boot.test.mock.mockito.MockitoContextCustomizer@725c31c0], contextLoader = 'org.springframework.test.context.support.DelegatingSmartContextLoader', parent = [null]]]
15:49:40.979 [Test worker] DEBUG org.springframework.test.context.cache - Spring test ApplicationContext cache statistics: [DefaultContextCache@710d89e2 size = 1, maxSize = 32, parentContextCount = 0, hitCount = 7, missCount = 1]
15:49:40.980 [Test worker] DEBUG org.springframework.test.context.cache.DefaultCacheAwareContextLoaderDelegate - Retrieved ApplicationContext [1925352804] from cache with key [[MergedContextConfiguration@1c32386d testClass = AuthServiceImplTest, locations = '{}', classes = '{class com.dmitry.NewsClient.service.AuthServiceImpl}', contextInitializerClasses = '[]', activeProfiles = '{}', propertySourceLocations = '{}', propertySourceProperties = '{}', contextCustomizers = set[org.springframework.boot.test.autoconfigure.actuate.metrics.MetricsExportContextCustomizerFactory$DisableMetricExportContextCustomizer@466276d8, org.springframework.boot.test.autoconfigure.properties.PropertyMappingContextCustomizer@0, org.springframework.boot.test.autoconfigure.web.servlet.WebDriverContextCustomizerFactory$Customizer@b7c4869, org.springframework.boot.test.context.filter.ExcludeFilterContextCustomizer@676cf48, org.springframework.boot.test.json.DuplicateJsonObjectContextCustomizerFactory$DuplicateJsonObjectContextCustomizer@73194df, org.springframework.boot.test.mock.mockito.MockitoContextCustomizer@725c31c0], contextLoader = 'org.springframework.test.context.support.DelegatingSmartContextLoader', parent = [null]]]
15:49:40.980 [Test worker] DEBUG org.springframework.test.context.cache - Spring test ApplicationContext cache statistics: [DefaultContextCache@710d89e2 size = 1, maxSize = 32, parentContextCount = 0, hitCount = 8, missCount = 1]
15:49:40.981 [Test worker] DEBUG org.springframework.test.context.cache.DefaultCacheAwareContextLoaderDelegate - Retrieved ApplicationContext [1925352804] from cache with key [[MergedContextConfiguration@1c32386d testClass = AuthServiceImplTest, locations = '{}', classes = '{class com.dmitry.NewsClient.service.AuthServiceImpl}', contextInitializerClasses = '[]', activeProfiles = '{}', propertySourceLocations = '{}', propertySourceProperties = '{}', contextCustomizers = set[org.springframework.boot.test.autoconfigure.actuate.metrics.MetricsExportContextCustomizerFactory$DisableMetricExportContextCustomizer@466276d8, org.springframework.boot.test.autoconfigure.properties.PropertyMappingContextCustomizer@0, org.springframework.boot.test.autoconfigure.web.servlet.WebDriverContextCustomizerFactory$Customizer@b7c4869, org.springframework.boot.test.context.filter.ExcludeFilterContextCustomizer@676cf48, org.springframework.boot.test.json.DuplicateJsonObjectContextCustomizerFactory$DuplicateJsonObjectContextCustomizer@73194df, org.springframework.boot.test.mock.mockito.MockitoContextCustomizer@725c31c0], contextLoader = 'org.springframework.test.context.support.DelegatingSmartContextLoader', parent = [null]]]
15:49:40.981 [Test worker] DEBUG org.springframework.test.context.cache - Spring test ApplicationContext cache statistics: [DefaultContextCache@710d89e2 size = 1, maxSize = 32, parentContextCount = 0, hitCount = 9, missCount = 1]
15:49:40.982 [Test worker] DEBUG org.springframework.test.context.cache.DefaultCacheAwareContextLoaderDelegate - Retrieved ApplicationContext [1925352804] from cache with key [[MergedContextConfiguration@1c32386d testClass = AuthServiceImplTest, locations = '{}', classes = '{class com.dmitry.NewsClient.service.AuthServiceImpl}', contextInitializerClasses = '[]', activeProfiles = '{}', propertySourceLocations = '{}', propertySourceProperties = '{}', contextCustomizers = set[org.springframework.boot.test.autoconfigure.actuate.metrics.MetricsExportContextCustomizerFactory$DisableMetricExportContextCustomizer@466276d8, org.springframework.boot.test.autoconfigure.properties.PropertyMappingContextCustomizer@0, org.springframework.boot.test.autoconfigure.web.servlet.WebDriverContextCustomizerFactory$Customizer@b7c4869, org.springframework.boot.test.context.filter.ExcludeFilterContextCustomizer@676cf48, org.springframework.boot.test.json.DuplicateJsonObjectContextCustomizerFactory$DuplicateJsonObjectContextCustomizer@73194df, org.springframework.boot.test.mock.mockito.MockitoContextCustomizer@725c31c0], contextLoader = 'org.springframework.test.context.support.DelegatingSmartContextLoader', parent = [null]]]
15:49:40.982 [Test worker] DEBUG org.springframework.test.context.cache - Spring test ApplicationContext cache statistics: [DefaultContextCache@710d89e2 size = 1, maxSize = 32, parentContextCount = 0, hitCount = 10, missCount = 1]
15:49:40.984 [Test worker] DEBUG org.springframework.test.context.cache.DefaultCacheAwareContextLoaderDelegate - Retrieved ApplicationContext [1925352804] from cache with key [[MergedContextConfiguration@1c32386d testClass = AuthServiceImplTest, locations = '{}', classes = '{class com.dmitry.NewsClient.service.AuthServiceImpl}', contextInitializerClasses = '[]', activeProfiles = '{}', propertySourceLocations = '{}', propertySourceProperties = '{}', contextCustomizers = set[org.springframework.boot.test.autoconfigure.actuate.metrics.MetricsExportContextCustomizerFactory$DisableMetricExportContextCustomizer@466276d8, org.springframework.boot.test.autoconfigure.properties.PropertyMappingContextCustomizer@0, org.springframework.boot.test.autoconfigure.web.servlet.WebDriverContextCustomizerFactory$Customizer@b7c4869, org.springframework.boot.test.context.filter.ExcludeFilterContextCustomizer@676cf48, org.springframework.boot.test.json.DuplicateJsonObjectContextCustomizerFactory$DuplicateJsonObjectContextCustomizer@73194df, org.springframework.boot.test.mock.mockito.MockitoContextCustomizer@725c31c0], contextLoader = 'org.springframework.test.context.support.DelegatingSmartContextLoader', parent = [null]]]
15:49:40.984 [Test worker] DEBUG org.springframework.test.context.cache - Spring test ApplicationContext cache statistics: [DefaultContextCache@710d89e2 size = 1, maxSize = 32, parentContextCount = 0, hitCount = 11, missCount = 1]
15:49:40.986 [Test worker] DEBUG org.springframework.test.context.support.AbstractDirtiesContextTestExecutionListener - After test method: context [DefaultTestContext@79351f41 testClass = AuthServiceImplTest, testInstance = com.dmitry.NewsClient.service.AuthServiceImplTest@57402ba1, testMethod = testRegisterUser@AuthServiceImplTest, testException = [null], mergedContextConfiguration = [MergedContextConfiguration@1c32386d testClass = AuthServiceImplTest, locations = '{}', classes = '{class com.dmitry.NewsClient.service.AuthServiceImpl}', contextInitializerClasses = '[]', activeProfiles = '{}', propertySourceLocations = '{}', propertySourceProperties = '{}', contextCustomizers = set[org.springframework.boot.test.autoconfigure.actuate.metrics.MetricsExportContextCustomizerFactory$DisableMetricExportContextCustomizer@466276d8, org.springframework.boot.test.autoconfigure.properties.PropertyMappingContextCustomizer@0, org.springframework.boot.test.autoconfigure.web.servlet.WebDriverContextCustomizerFactory$Customizer@b7c4869, org.springframework.boot.test.context.filter.ExcludeFilterContextCustomizer@676cf48, org.springframework.boot.test.json.DuplicateJsonObjectContextCustomizerFactory$DuplicateJsonObjectContextCustomizer@73194df, org.springframework.boot.test.mock.mockito.MockitoContextCustomizer@725c31c0], contextLoader = 'org.springframework.test.context.support.DelegatingSmartContextLoader', parent = [null]], attributes = map['org.springframework.test.context.event.ApplicationEventsTestExecutionListener.recordApplicationEvents' -> false]], class annotated with @DirtiesContext [false] with mode [null], method annotated with @DirtiesContext [false] with mode [null].
15:49:40.997 [Test worker] DEBUG org.springframework.test.context.cache.DefaultCacheAwareContextLoaderDelegate - Retrieved ApplicationContext [1925352804] from cache with key [[MergedContextConfiguration@1c32386d testClass = AuthServiceImplTest, locations = '{}', classes = '{class com.dmitry.NewsClient.service.AuthServiceImpl}', contextInitializerClasses = '[]', activeProfiles = '{}', propertySourceLocations = '{}', propertySourceProperties = '{}', contextCustomizers = set[org.springframework.boot.test.autoconfigure.actuate.metrics.MetricsExportContextCustomizerFactory$DisableMetricExportContextCustomizer@466276d8, org.springframework.boot.test.autoconfigure.properties.PropertyMappingContextCustomizer@0, org.springframework.boot.test.autoconfigure.web.servlet.WebDriverContextCustomizerFactory$Customizer@b7c4869, org.springframework.boot.test.context.filter.ExcludeFilterContextCustomizer@676cf48, org.springframework.boot.test.json.DuplicateJsonObjectContextCustomizerFactory$DuplicateJsonObjectContextCustomizer@73194df, org.springframework.boot.test.mock.mockito.MockitoContextCustomizer@725c31c0], contextLoader = 'org.springframework.test.context.support.DelegatingSmartContextLoader', parent = [null]]]
15:49:40.997 [Test worker] DEBUG org.springframework.test.context.cache - Spring test ApplicationContext cache statistics: [DefaultContextCache@710d89e2 size = 1, maxSize = 32, parentContextCount = 0, hitCount = 12, missCount = 1]
15:49:40.998 [Test worker] DEBUG org.springframework.test.context.support.AbstractDirtiesContextTestExecutionListener - After test class: context [DefaultTestContext@79351f41 testClass = AuthServiceImplTest, testInstance = [null], testMethod = [null], testException = [null], mergedContextConfiguration = [MergedContextConfiguration@1c32386d testClass = AuthServiceImplTest, locations = '{}', classes = '{class com.dmitry.NewsClient.service.AuthServiceImpl}', contextInitializerClasses = '[]', activeProfiles = '{}', propertySourceLocations = '{}', propertySourceProperties = '{}', contextCustomizers = set[org.springframework.boot.test.autoconfigure.actuate.metrics.MetricsExportContextCustomizerFactory$DisableMetricExportContextCustomizer@466276d8, org.springframework.boot.test.autoconfigure.properties.PropertyMappingContextCustomizer@0, org.springframework.boot.test.autoconfigure.web.servlet.WebDriverContextCustomizerFactory$Customizer@b7c4869, org.springframework.boot.test.context.filter.ExcludeFilterContextCustomizer@676cf48, org.springframework.boot.test.json.DuplicateJsonObjectContextCustomizerFactory$DuplicateJsonObjectContextCustomizer@73194df, org.springframework.boot.test.mock.mockito.MockitoContextCustomizer@725c31c0], contextLoader = 'org.springframework.test.context.support.DelegatingSmartContextLoader', parent = [null]], attributes = map['org.springframework.test.context.event.ApplicationEventsTestExecutionListener.recordApplicationEvents' -> false]], class annotated with @DirtiesContext [false] with mode [null].
]]></system-out>
  <system-err><![CDATA[]]></system-err>
</testsuite>
